David Song
Professor Ishigaki
CS 131, Processing Big Data - Tools and Techniques
16 July 2024

Assignment 3

should contain all commands used to answer the questions (annotate the file to indicate the corresponding question.)

Question 0: 
cat /etc/passwd

Question 1: 
sed '/^1\.0,/!d' 2019-10.csv > vendor2.csv

Question 2: 
sed 's/://g; s/\"//g; s/-//g' 2019-10.csv > no-separators.csv
head -10 no-separators.csv

Question 3: 
sed 's/\.[0-9]*//g' no-separators.csv > no-fractions.csv
head -10 no-fractions.csv

Question 4: 
awk -F, '$17 >= 10 {sum[$14] += 1} END {for (tip in sum) print tip, sum[tip]}' 2019-10.csv > results.txt
cat results.txt

Question 5: 
sort -t' ' -k2,2nr results.txt | head -5

